  [4;36;1mSQL (0.5ms)[0m   [0;1m SELECT name
 FROM sqlite_master
 WHERE type = 'table' AND NOT name = 'sqlite_sequence'
[0m
  [4;35;1mSQL (0.4ms)[0m   [0mselect sqlite_version(*)[0m
  [4;36;1mSQL (8.0ms)[0m   [0;1mCREATE TABLE "schema_migrations" ("version" varchar(255) NOT NULL) [0m
  [4;35;1mSQL (10.1ms)[0m   [0mCREATE UNIQUE INDEX "unique_schema_migrations" ON "schema_migrations" ("version")[0m
  [4;36;1mSQL (0.6ms)[0m   [0;1m SELECT name
 FROM sqlite_master
 WHERE type = 'table' AND NOT name = 'sqlite_sequence'
[0m
  [4;35;1mSQL (0.2ms)[0m   [0mSELECT version FROM schema_migrations[0m
Migrating to CreateUsers (20090824022703)
  [4;36;1mSQL (1.0ms)[0m   [0;1mCREATE TABLE "users" ("id" INTEGER PRIMARY KEY AUTOINCREMENT NOT NULL, "name" varchar(255), "created_at" datetime, "updated_at" datetime) [0m
  [4;35;1mSQL (0.2ms)[0m   [0mINSERT INTO schema_migrations (version) VALUES ('20090824022703')[0m
Migrating to AddAvatarColumnsToUser (20090824023021)
  [4;36;1mSQL (0.9ms)[0m   [0;1mALTER TABLE "users" ADD "avatar_file_name" varchar(255)[0m
  [4;35;1mSQL (0.5ms)[0m   [0mALTER TABLE "users" ADD "avatar_content_type" varchar(255)[0m
  [4;36;1mSQL (0.5ms)[0m   [0;1mALTER TABLE "users" ADD "avatar_file_size" integer[0m
  [4;35;1mSQL (0.5ms)[0m   [0mALTER TABLE "users" ADD "avatar_updated_at" datetime[0m
  [4;36;1mSQL (0.3ms)[0m   [0;1mINSERT INTO schema_migrations (version) VALUES ('20090824023021')[0m
  [4;35;1mSQL (0.5ms)[0m   [0m SELECT name
 FROM sqlite_master
 WHERE type = 'table' AND NOT name = 'sqlite_sequence'
[0m
  [4;36;1mSQL (0.3ms)[0m   [0;1mSELECT version FROM schema_migrations[0m
  [4;35;1mSQL (0.3ms)[0m   [0m SELECT name
 FROM sqlite_master
 WHERE type = 'table' AND NOT name = 'sqlite_sequence'
[0m
  [4;36;1mSQL (0.1ms)[0m   [0;1mPRAGMA index_list("users")[0m


Processing ApplicationController#index (for 127.0.0.1 at 2009-08-23 19:38:00) [GET]

ActionController::RoutingError (No route matches "/useres" with {:method=>:get}):
  /usr/lib/ruby/1.8/webrick/httpserver.rb:104:in `service'
  /usr/lib/ruby/1.8/webrick/httpserver.rb:65:in `run'
  /usr/lib/ruby/1.8/webrick/server.rb:173:in `start_thread'
  /usr/lib/ruby/1.8/webrick/server.rb:162:in `start'
  /usr/lib/ruby/1.8/webrick/server.rb:162:in `start_thread'
  /usr/lib/ruby/1.8/webrick/server.rb:95:in `start'
  /usr/lib/ruby/1.8/webrick/server.rb:92:in `each'
  /usr/lib/ruby/1.8/webrick/server.rb:92:in `start'
  /usr/lib/ruby/1.8/webrick/server.rb:23:in `start'
  /usr/lib/ruby/1.8/webrick/server.rb:82:in `start'

Rendering rescues/layout (not_found)


Processing UsersController#index (for 127.0.0.1 at 2009-08-23 19:38:04) [GET]
  [4;36;1mUser Load (1.0ms)[0m   [0;1mSELECT * FROM "users" [0m
Rendering template within layouts/users
Rendering users/index
Completed in 109ms (View: 94, DB: 1) | 200 OK [http://localhost/users]


Processing UsersController#new (for 127.0.0.1 at 2009-08-23 19:38:05) [GET]
Rendering template within layouts/users
Rendering users/new
Completed in 36ms (View: 16, DB: 0) | 200 OK [http://localhost/users/new]


Processing UsersController#new (for 127.0.0.1 at 2009-08-23 19:38:16) [POST]
  Parameters: {"commit"=>"Create", "authenticity_token"=>"C/bkm2p/RD/jRllzeRrKYB9HNmei6tCPANFN6tGhFu0=", "user"=>{"name"=>"willy", "avatar"=>#<File:/tmp/RackMultipart20090823-9854-2byg45-0>}}
Rendering template within layouts/users
Rendering users/new
Completed in 16ms (View: 5, DB: 0) | 200 OK [http://localhost/users/new]


Processing UsersController#index (for 127.0.0.1 at 2009-08-23 19:38:18) [GET]
  [4;35;1mUser Load (0.5ms)[0m   [0mSELECT * FROM "users" [0m
Rendering template within layouts/users
Rendering users/index
Completed in 10ms (View: 2, DB: 1) | 200 OK [http://localhost/users]


Processing UsersController#index (for 127.0.0.1 at 2009-08-23 19:38:19) [GET]
  [4;36;1mUser Load (0.8ms)[0m   [0;1mSELECT * FROM "users" [0m
Rendering template within layouts/users
Rendering users/index
Completed in 18ms (View: 3, DB: 1) | 200 OK [http://localhost/users]


Processing UsersController#new (for 127.0.0.1 at 2009-08-23 19:38:31) [GET]
Rendering template within layouts/users
Rendering users/new
Completed in 16ms (View: 5, DB: 0) | 200 OK [http://localhost/users/new]


Processing UsersController#new (for 127.0.0.1 at 2009-08-23 19:38:38) [POST]
  Parameters: {"commit"=>"Create", "authenticity_token"=>"C/bkm2p/RD/jRllzeRrKYB9HNmei6tCPANFN6tGhFu0=", "user"=>{"name"=>"will", "avatar"=>#<File:/tmp/RackMultipart20090823-9854-1puumaq-0>}}
Rendering template within layouts/users
Rendering users/new
Completed in 125ms (View: 5, DB: 0) | 200 OK [http://localhost/users/new]


Processing UsersController#index (for 127.0.0.1 at 2009-08-23 19:38:40) [GET]
  [4;35;1mUser Load (0.6ms)[0m   [0mSELECT * FROM "users" [0m
Rendering template within layouts/users
Rendering users/index
Completed in 15ms (View: 2, DB: 1) | 200 OK [http://localhost/users]


Processing UsersController#index (for 127.0.0.1 at 2009-08-23 19:38:42) [GET]
  [4;36;1mUser Load (0.8ms)[0m   [0;1mSELECT * FROM "users" [0m
Rendering template within layouts/users
Rendering users/index
Completed in 17ms (View: 3, DB: 1) | 200 OK [http://localhost/users]


Processing UsersController#new (for 127.0.0.1 at 2009-08-23 19:39:38) [GET]
Rendering template within layouts/users
Rendering users/new
Completed in 25ms (View: 10, DB: 0) | 200 OK [http://localhost/users/new]


Processing UsersController#new (for 127.0.0.1 at 2009-08-23 19:39:41) [POST]
  Parameters: {"commit"=>"Create", "authenticity_token"=>"C/bkm2p/RD/jRllzeRrKYB9HNmei6tCPANFN6tGhFu0=", "user"=>{"name"=>"wewwww"}}
Rendering template within layouts/users
Rendering users/new
Completed in 25ms (View: 7, DB: 0) | 200 OK [http://localhost/users/new]


Processing UsersController#index (for 127.0.0.1 at 2009-08-23 19:39:42) [GET]
  [4;35;1mUser Load (0.9ms)[0m   [0mSELECT * FROM "users" [0m
Rendering template within layouts/users
Rendering users/index
Completed in 17ms (View: 3, DB: 1) | 200 OK [http://localhost/users]


Processing UsersController#new (for 127.0.0.1 at 2009-08-23 19:40:14) [POST]
  Parameters: {"commit"=>"Create", "authenticity_token"=>"C/bkm2p/RD/jRllzeRrKYB9HNmei6tCPANFN6tGhFu0=", "user"=>{"name"=>"fewfw"}}
Rendering template within layouts/users
Rendering users/new
Completed in 36ms (View: 7, DB: 0) | 200 OK [http://localhost/users/new]


Processing UsersController#new (for 127.0.0.1 at 2009-08-23 19:40:42) [GET]
Rendering template within layouts/users
Rendering users/new
Completed in 27ms (View: 11, DB: 0) | 200 OK [http://localhost/users/new]


Processing UsersController#create (for 127.0.0.1 at 2009-08-23 19:40:45) [POST]
  Parameters: {"commit"=>"Create", "authenticity_token"=>"C/bkm2p/RD/jRllzeRrKYB9HNmei6tCPANFN6tGhFu0=", "user"=>{"name"=>"few"}}
  [4;36;1mUser Create (0.4ms)[0m   [0;1mINSERT INTO "users" ("name", "created_at", "avatar_file_name", "avatar_file_size", "updated_at", "avatar_content_type", "avatar_updated_at") VALUES('few', '2009-08-24 02:40:45', NULL, NULL, '2009-08-24 02:40:45', NULL, NULL)[0m
[paperclip] Saving attachments.
Redirected to http://localhost:3000/users/1
Completed in 74ms (DB: 0) | 302 Found [http://localhost/users]


Processing UsersController#show (for 127.0.0.1 at 2009-08-23 19:40:45) [GET]
  Parameters: {"id"=>"1"}
  [4;35;1mUser Load (0.5ms)[0m   [0mSELECT * FROM "users" WHERE ("users"."id" = 1) [0m
Rendering template within layouts/users
Rendering users/show
Completed in 28ms (View: 16, DB: 0) | 200 OK [http://localhost/users/1]


Processing ApplicationController#index (for 127.0.0.1 at 2009-08-23 19:40:45) [GET]

ActionController::RoutingError (No route matches "/avatars/original/missing.png" with {:method=>:get}):
  /usr/lib/ruby/1.8/webrick/httpserver.rb:104:in `service'
  /usr/lib/ruby/1.8/webrick/httpserver.rb:65:in `run'
  /usr/lib/ruby/1.8/webrick/server.rb:173:in `start_thread'
  /usr/lib/ruby/1.8/webrick/server.rb:162:in `start'
  /usr/lib/ruby/1.8/webrick/server.rb:162:in `start_thread'
  /usr/lib/ruby/1.8/webrick/server.rb:95:in `start'
  /usr/lib/ruby/1.8/webrick/server.rb:92:in `each'
  /usr/lib/ruby/1.8/webrick/server.rb:92:in `start'
  /usr/lib/ruby/1.8/webrick/server.rb:23:in `start'
  /usr/lib/ruby/1.8/webrick/server.rb:82:in `start'

Rendering rescues/layout (not_found)


Processing ApplicationController#index (for 127.0.0.1 at 2009-08-23 19:40:45) [GET]

ActionController::RoutingError (No route matches "/avatars/medium/missing.png" with {:method=>:get}):
  /usr/lib/ruby/1.8/webrick/httpserver.rb:104:in `service'
  /usr/lib/ruby/1.8/webrick/httpserver.rb:65:in `run'
  /usr/lib/ruby/1.8/webrick/server.rb:173:in `start_thread'
  /usr/lib/ruby/1.8/webrick/server.rb:162:in `start'
  /usr/lib/ruby/1.8/webrick/server.rb:162:in `start_thread'
  /usr/lib/ruby/1.8/webrick/server.rb:95:in `start'
  /usr/lib/ruby/1.8/webrick/server.rb:92:in `each'
  /usr/lib/ruby/1.8/webrick/server.rb:92:in `start'
  /usr/lib/ruby/1.8/webrick/server.rb:23:in `start'
  /usr/lib/ruby/1.8/webrick/server.rb:82:in `start'

Rendering rescues/layout (not_found)


Processing ApplicationController#index (for 127.0.0.1 at 2009-08-23 19:40:45) [GET]

ActionController::RoutingError (No route matches "/avatars/thumb/missing.png" with {:method=>:get}):
  /usr/lib/ruby/1.8/webrick/httpserver.rb:104:in `service'
  /usr/lib/ruby/1.8/webrick/httpserver.rb:65:in `run'
  /usr/lib/ruby/1.8/webrick/server.rb:173:in `start_thread'
  /usr/lib/ruby/1.8/webrick/server.rb:162:in `start'
  /usr/lib/ruby/1.8/webrick/server.rb:162:in `start_thread'
  /usr/lib/ruby/1.8/webrick/server.rb:95:in `start'
  /usr/lib/ruby/1.8/webrick/server.rb:92:in `each'
  /usr/lib/ruby/1.8/webrick/server.rb:92:in `start'
  /usr/lib/ruby/1.8/webrick/server.rb:23:in `start'
  /usr/lib/ruby/1.8/webrick/server.rb:82:in `start'

Rendering rescues/layout (not_found)


Processing UsersController#index (for 127.0.0.1 at 2009-08-23 19:40:48) [GET]
  [4;36;1mUser Load (1.3ms)[0m   [0;1mSELECT * FROM "users" [0m
Rendering template within layouts/users
Rendering users/index
Completed in 27ms (View: 11, DB: 1) | 200 OK [http://localhost/users]


Processing UsersController#new (for 127.0.0.1 at 2009-08-23 19:40:49) [GET]
Rendering template within layouts/users
Rendering users/new
Completed in 16ms (View: 5, DB: 0) | 200 OK [http://localhost/users/new]


Processing UsersController#new (for 127.0.0.1 at 2009-08-23 19:40:59) [GET]
Rendering template within layouts/users
Rendering users/new
Completed in 32ms (View: 16, DB: 0) | 200 OK [http://localhost/users/new]


Processing UsersController#create (for 127.0.0.1 at 2009-08-23 19:41:05) [POST]
  Parameters: {"commit"=>"Create", "authenticity_token"=>"C/bkm2p/RD/jRllzeRrKYB9HNmei6tCPANFN6tGhFu0=", "user"=>{"name"=>"test", "avatar"=>#<File:/tmp/RackMultipart20090823-9854-ryjggk-0>}}
  [4;35;1mUser Create (0.5ms)[0m   [0mINSERT INTO "users" ("name", "created_at", "avatar_file_name", "avatar_file_size", "updated_at", "avatar_content_type", "avatar_updated_at") VALUES('test', '2009-08-24 02:41:06', 'land2.jpg', 55285, '2009-08-24 02:41:06', 'image/jpeg', '2009-08-24 02:41:05')[0m
[paperclip] Saving attachments.
[paperclip] saving /home/will/Rails/paperclip/public/system/avatars/2/medium/land2.jpg
[paperclip] saving /home/will/Rails/paperclip/public/system/avatars/2/thumb/land2.jpg
[paperclip] saving /home/will/Rails/paperclip/public/system/avatars/2/original/land2.jpg
Redirected to http://localhost:3000/users/2
Completed in 1223ms (DB: 0) | 302 Found [http://localhost/users]


Processing UsersController#show (for 127.0.0.1 at 2009-08-23 19:41:06) [GET]
  Parameters: {"id"=>"2"}
  [4;36;1mUser Load (0.5ms)[0m   [0;1mSELECT * FROM "users" WHERE ("users"."id" = 2) [0m
Rendering template within layouts/users
Rendering users/show
Completed in 17ms (View: 6, DB: 0) | 200 OK [http://localhost/users/2]


Processing UsersController#index (for 127.0.0.1 at 2009-08-23 19:41:09) [GET]
  [4;35;1mUser Load (1.1ms)[0m   [0mSELECT * FROM "users" [0m
Rendering template within layouts/users
Rendering users/index
Completed in 24ms (View: 9, DB: 1) | 200 OK [http://localhost/users]


Processing UsersController#show (for 127.0.0.1 at 2009-08-23 19:41:11) [GET]
  Parameters: {"id"=>"2"}
  [4;36;1mUser Load (0.8ms)[0m   [0;1mSELECT * FROM "users" WHERE ("users"."id" = 2) [0m
Rendering template within layouts/users
Rendering users/show
Completed in 30ms (View: 10, DB: 1) | 200 OK [http://localhost/users/2]


Processing UsersController#edit (for 127.0.0.1 at 2009-08-23 19:41:14) [GET]
  Parameters: {"id"=>"2"}
  [4;35;1mUser Load (0.9ms)[0m   [0mSELECT * FROM "users" WHERE ("users"."id" = 2) [0m
Rendering template within layouts/users
Rendering users/edit
Completed in 36ms (View: 19, DB: 1) | 200 OK [http://localhost/users/2/edit]


Processing UsersController#update (for 127.0.0.1 at 2009-08-23 19:41:18) [PUT]
  Parameters: {"commit"=>"Update", "authenticity_token"=>"C/bkm2p/RD/jRllzeRrKYB9HNmei6tCPANFN6tGhFu0=", "id"=>"2", "user"=>{"name"=>"test"}}
  [4;36;1mUser Load (0.8ms)[0m   [0;1mSELECT * FROM "users" WHERE ("users"."id" = 2) [0m
[paperclip] Saving attachments.
Redirected to http://localhost:3000/users/2
Completed in 25ms (DB: 1) | 302 Found [http://localhost/users/2]


Processing UsersController#show (for 127.0.0.1 at 2009-08-23 19:41:18) [GET]
  Parameters: {"id"=>"2"}
  [4;35;1mUser Load (0.5ms)[0m   [0mSELECT * FROM "users" WHERE ("users"."id" = 2) [0m
Rendering template within layouts/users
Rendering users/show
Completed in 18ms (View: 6, DB: 0) | 200 OK [http://localhost/users/2]


Processing UsersController#edit (for 127.0.0.1 at 2009-08-23 19:41:20) [GET]
  Parameters: {"id"=>"2"}
  [4;36;1mUser Load (0.8ms)[0m   [0;1mSELECT * FROM "users" WHERE ("users"."id" = 2) [0m
Rendering template within layouts/users
Rendering users/edit
Completed in 27ms (View: 7, DB: 1) | 200 OK [http://localhost/users/2/edit]


Processing UsersController#update (for 127.0.0.1 at 2009-08-23 19:41:27) [PUT]
  Parameters: {"commit"=>"Update", "authenticity_token"=>"C/bkm2p/RD/jRllzeRrKYB9HNmei6tCPANFN6tGhFu0=", "id"=>"2", "user"=>{"name"=>"test", "avatar"=>#<File:/tmp/RackMultipart20090823-9854-11c62qb-0>}}
  [4;35;1mUser Load (0.9ms)[0m   [0mSELECT * FROM "users" WHERE ("users"."id" = 2) [0m
  [4;36;1mUser Update (0.4ms)[0m   [0;1mUPDATE "users" SET "updated_at" = '2009-08-24 02:41:27', "avatar_file_size" = 48205, "avatar_file_name" = 'land3.jpg', "avatar_updated_at" = '2009-08-24 02:41:27' WHERE "id" = 2[0m
[paperclip] Saving attachments.
[paperclip] deleting /home/will/Rails/paperclip/public/system/avatars/2/original/land2.jpg
[paperclip] deleting /home/will/Rails/paperclip/public/system/avatars/2/medium/land2.jpg
[paperclip] deleting /home/will/Rails/paperclip/public/system/avatars/2/thumb/land2.jpg
[paperclip] saving /home/will/Rails/paperclip/public/system/avatars/2/medium/land3.jpg
[paperclip] saving /home/will/Rails/paperclip/public/system/avatars/2/thumb/land3.jpg
[paperclip] saving /home/will/Rails/paperclip/public/system/avatars/2/original/land3.jpg
Redirected to http://localhost:3000/users/2
Completed in 609ms (DB: 1) | 302 Found [http://localhost/users/2]


Processing UsersController#show (for 127.0.0.1 at 2009-08-23 19:41:27) [GET]
  Parameters: {"id"=>"2"}
  [4;35;1mUser Load (0.5ms)[0m   [0mSELECT * FROM "users" WHERE ("users"."id" = 2) [0m
Rendering template within layouts/users
Rendering users/show
Completed in 24ms (View: 12, DB: 1) | 200 OK [http://localhost/users/2]


Processing UsersController#edit (for 127.0.0.1 at 2009-08-23 19:41:30) [GET]
  Parameters: {"id"=>"2"}
  [4;36;1mUser Load (0.9ms)[0m   [0;1mSELECT * FROM "users" WHERE ("users"."id" = 2) [0m
Rendering template within layouts/users
Rendering users/edit
Completed in 30ms (View: 11, DB: 1) | 200 OK [http://localhost/users/2/edit]


Processing UsersController#update (for 127.0.0.1 at 2009-08-23 19:41:31) [PUT]
  Parameters: {"commit"=>"Update", "authenticity_token"=>"C/bkm2p/RD/jRllzeRrKYB9HNmei6tCPANFN6tGhFu0=", "id"=>"2", "user"=>{"name"=>"test"}}
  [4;35;1mUser Load (0.8ms)[0m   [0mSELECT * FROM "users" WHERE ("users"."id" = 2) [0m
[paperclip] Saving attachments.
Redirected to http://localhost:3000/users/2
Completed in 27ms (DB: 1) | 302 Found [http://localhost/users/2]


Processing UsersController#show (for 127.0.0.1 at 2009-08-23 19:41:31) [GET]
  Parameters: {"id"=>"2"}
  [4;36;1mUser Load (0.5ms)[0m   [0;1mSELECT * FROM "users" WHERE ("users"."id" = 2) [0m
Rendering template within layouts/users
Rendering users/show
Completed in 17ms (View: 6, DB: 0) | 200 OK [http://localhost/users/2]


Processing UsersController#edit (for 127.0.0.1 at 2009-08-23 19:41:33) [GET]
  Parameters: {"id"=>"2"}
  [4;35;1mUser Load (0.8ms)[0m   [0mSELECT * FROM "users" WHERE ("users"."id" = 2) [0m
Rendering template within layouts/users
Rendering users/edit
Completed in 27ms (View: 7, DB: 1) | 200 OK [http://localhost/users/2/edit]


Processing UsersController#update (for 127.0.0.1 at 2009-08-23 19:41:34) [PUT]
  Parameters: {"commit"=>"Update", "authenticity_token"=>"C/bkm2p/RD/jRllzeRrKYB9HNmei6tCPANFN6tGhFu0=", "id"=>"2", "user"=>{"name"=>"testfw"}}
  [4;36;1mUser Load (0.6ms)[0m   [0;1mSELECT * FROM "users" WHERE ("users"."id" = 2) [0m
  [4;35;1mUser Update (0.4ms)[0m   [0mUPDATE "users" SET "updated_at" = '2009-08-24 02:41:34', "name" = 'testfw' WHERE "id" = 2[0m
[paperclip] Saving attachments.
Redirected to http://localhost:3000/users/2
Completed in 31ms (DB: 1) | 302 Found [http://localhost/users/2]


Processing UsersController#show (for 127.0.0.1 at 2009-08-23 19:41:35) [GET]
  Parameters: {"id"=>"2"}
  [4;36;1mUser Load (0.5ms)[0m   [0;1mSELECT * FROM "users" WHERE ("users"."id" = 2) [0m
Rendering template within layouts/users
Rendering users/show
Completed in 23ms (View: 6, DB: 1) | 200 OK [http://localhost/users/2]


Processing UsersController#edit (for 127.0.0.1 at 2009-08-23 19:42:10) [GET]
  Parameters: {"id"=>"2"}
  [4;35;1mUser Load (0.6ms)[0m   [0mSELECT * FROM "users" WHERE ("users"."id" = 2) [0m
Rendering template within layouts/users
Rendering users/edit
Completed in 24ms (View: 12, DB: 1) | 200 OK [http://localhost/users/2/edit]


Processing UsersController#edit (for 127.0.0.1 at 2009-08-23 19:43:04) [GET]
  Parameters: {"id"=>"2"}
  [4;36;1mUser Load (0.7ms)[0m   [0;1mSELECT * FROM "users" WHERE ("users"."id" = 2) [0m
Rendering template within layouts/users
Rendering users/edit
Completed in 38ms (View: 13, DB: 1) | 200 OK [http://localhost/users/2/edit]


Processing UsersController#edit (for 127.0.0.1 at 2009-08-23 19:43:20) [GET]
  Parameters: {"id"=>"2"}
  [4;35;1mUser Load (0.5ms)[0m   [0mSELECT * FROM "users" WHERE ("users"."id" = 2) [0m
Rendering template within layouts/users
Rendering users/edit
Completed in 24ms (View: 12, DB: 0) | 200 OK [http://localhost/users/2/edit]


Processing UsersController#update (for 127.0.0.1 at 2009-08-23 19:43:25) [PUT]
  Parameters: {"commit"=>"Update", "authenticity_token"=>"C/bkm2p/RD/jRllzeRrKYB9HNmei6tCPANFN6tGhFu0=", "id"=>"2", "user"=>{"name"=>"testfwfeww"}}
  [4;36;1mUser Load (0.6ms)[0m   [0;1mSELECT * FROM "users" WHERE ("users"."id" = 2) [0m
  [4;35;1mUser Update (0.5ms)[0m   [0mUPDATE "users" SET "updated_at" = '2009-08-24 02:43:25', "name" = 'testfwfeww' WHERE "id" = 2[0m
[paperclip] Saving attachments.
Redirected to http://localhost:3000/users/2
Completed in 26ms (DB: 1) | 302 Found [http://localhost/users/2]


Processing UsersController#show (for 127.0.0.1 at 2009-08-23 19:43:25) [GET]
  Parameters: {"id"=>"2"}
  [4;36;1mUser Load (0.6ms)[0m   [0;1mSELECT * FROM "users" WHERE ("users"."id" = 2) [0m
Rendering template within layouts/users
Rendering users/show
Completed in 18ms (View: 6, DB: 1) | 200 OK [http://localhost/users/2]


Processing UsersController#edit (for 127.0.0.1 at 2009-08-23 19:43:30) [GET]
  Parameters: {"id"=>"2"}
  [4;35;1mUser Load (0.7ms)[0m   [0mSELECT * FROM "users" WHERE ("users"."id" = 2) [0m
Rendering template within layouts/users
Rendering users/edit
Completed in 31ms (View: 14, DB: 1) | 200 OK [http://localhost/users/2/edit]


Processing UsersController#update (for 127.0.0.1 at 2009-08-23 19:43:34) [PUT]
  Parameters: {"commit"=>"Update", "authenticity_token"=>"C/bkm2p/RD/jRllzeRrKYB9HNmei6tCPANFN6tGhFu0=", "id"=>"2", "user"=>{"name"=>"testfwfeww", "avatar"=>#<File:/tmp/RackMultipart20090823-9854-xlyhav-0>}}
  [4;36;1mUser Load (0.5ms)[0m   [0;1mSELECT * FROM "users" WHERE ("users"."id" = 2) [0m
  [4;35;1mUser Update (0.4ms)[0m   [0mUPDATE "users" SET "updated_at" = '2009-08-24 02:43:35', "avatar_file_size" = 429117, "avatar_file_name" = '2099869248_2f19514f54_o.jpg', "avatar_updated_at" = '2009-08-24 02:43:34' WHERE "id" = 2[0m
[paperclip] Saving attachments.
[paperclip] deleting /home/will/Rails/paperclip/public/system/avatars/2/original/land3.jpg
[paperclip] deleting /home/will/Rails/paperclip/public/system/avatars/2/medium/land3.jpg
[paperclip] deleting /home/will/Rails/paperclip/public/system/avatars/2/thumb/land3.jpg
[paperclip] saving /home/will/Rails/paperclip/public/system/avatars/2/medium/2099869248_2f19514f54_o.jpg
[paperclip] saving /home/will/Rails/paperclip/public/system/avatars/2/thumb/2099869248_2f19514f54_o.jpg
[paperclip] saving /home/will/Rails/paperclip/public/system/avatars/2/original/2099869248_2f19514f54_o.jpg
Redirected to http://localhost:3000/users/2
Completed in 1181ms (DB: 1) | 302 Found [http://localhost/users/2]


Processing UsersController#show (for 127.0.0.1 at 2009-08-23 19:43:35) [GET]
  Parameters: {"id"=>"2"}
  [4;36;1mUser Load (0.4ms)[0m   [0;1mSELECT * FROM "users" WHERE ("users"."id" = 2) [0m
Rendering template within layouts/users
Rendering users/show
Completed in 17ms (View: 6, DB: 0) | 200 OK [http://localhost/users/2]


Processing UsersController#edit (for 127.0.0.1 at 2009-08-23 19:43:38) [GET]
  Parameters: {"id"=>"2"}
  [4;35;1mUser Load (0.5ms)[0m   [0mSELECT * FROM "users" WHERE ("users"."id" = 2) [0m
Rendering template within layouts/users
Rendering users/edit
Completed in 20ms (View: 8, DB: 1) | 200 OK [http://localhost/users/2/edit]


Processing UsersController#update (for 127.0.0.1 at 2009-08-23 19:43:45) [PUT]
  Parameters: {"commit"=>"Update", "authenticity_token"=>"C/bkm2p/RD/jRllzeRrKYB9HNmei6tCPANFN6tGhFu0=", "id"=>"2", "user"=>{"name"=>"afwefafe", "avatar"=>#<File:/tmp/RackMultipart20090823-9854-pfb0ah-0>}}
  [4;36;1mUser Load (0.5ms)[0m   [0;1mSELECT * FROM "users" WHERE ("users"."id" = 2) [0m
  [4;35;1mUser Update (0.6ms)[0m   [0mUPDATE "users" SET "updated_at" = '2009-08-24 02:43:46', "avatar_file_size" = 63598, "name" = 'afwefafe', "avatar_file_name" = 'lan5.jpg', "avatar_updated_at" = '2009-08-24 02:43:45' WHERE "id" = 2[0m
[paperclip] Saving attachments.
[paperclip] deleting /home/will/Rails/paperclip/public/system/avatars/2/original/2099869248_2f19514f54_o.jpg
[paperclip] deleting /home/will/Rails/paperclip/public/system/avatars/2/medium/2099869248_2f19514f54_o.jpg
[paperclip] deleting /home/will/Rails/paperclip/public/system/avatars/2/thumb/2099869248_2f19514f54_o.jpg
[paperclip] saving /home/will/Rails/paperclip/public/system/avatars/2/medium/lan5.jpg
[paperclip] saving /home/will/Rails/paperclip/public/system/avatars/2/thumb/lan5.jpg
[paperclip] saving /home/will/Rails/paperclip/public/system/avatars/2/original/lan5.jpg
Redirected to http://localhost:3000/users/2
Completed in 718ms (DB: 1) | 302 Found [http://localhost/users/2]


Processing UsersController#show (for 127.0.0.1 at 2009-08-23 19:43:46) [GET]
  Parameters: {"id"=>"2"}
  [4;36;1mUser Load (0.5ms)[0m   [0;1mSELECT * FROM "users" WHERE ("users"."id" = 2) [0m
Rendering template within layouts/users
Rendering users/show
Completed in 18ms (View: 6, DB: 0) | 200 OK [http://localhost/users/2]


Processing UsersController#index (for 127.0.0.1 at 2009-08-23 19:43:49) [GET]
  [4;35;1mUser Load (1.8ms)[0m   [0mSELECT * FROM "users" [0m
Rendering template within layouts/users
Rendering users/index
Completed in 32ms (View: 15, DB: 2) | 200 OK [http://localhost/users]


Processing UsersController#show (for 127.0.0.1 at 2009-08-23 19:43:51) [GET]
  Parameters: {"id"=>"1"}
  [4;36;1mUser Load (0.8ms)[0m   [0;1mSELECT * FROM "users" WHERE ("users"."id" = 1) [0m
Rendering template within layouts/users
Rendering users/show
Completed in 28ms (View: 9, DB: 1) | 200 OK [http://localhost/users/1]


Processing ApplicationController#index (for 127.0.0.1 at 2009-08-23 19:43:51) [GET]

ActionController::RoutingError (No route matches "/avatars/original/missing.png" with {:method=>:get}):
  /usr/lib/ruby/1.8/webrick/httpserver.rb:104:in `service'
  /usr/lib/ruby/1.8/webrick/httpserver.rb:65:in `run'
  /usr/lib/ruby/1.8/webrick/server.rb:173:in `start_thread'
  /usr/lib/ruby/1.8/webrick/server.rb:162:in `start'
  /usr/lib/ruby/1.8/webrick/server.rb:162:in `start_thread'
  /usr/lib/ruby/1.8/webrick/server.rb:95:in `start'
  /usr/lib/ruby/1.8/webrick/server.rb:92:in `each'
  /usr/lib/ruby/1.8/webrick/server.rb:92:in `start'
  /usr/lib/ruby/1.8/webrick/server.rb:23:in `start'
  /usr/lib/ruby/1.8/webrick/server.rb:82:in `start'

Rendering rescues/layout (not_found)


Processing ApplicationController#index (for 127.0.0.1 at 2009-08-23 19:43:51) [GET]

ActionController::RoutingError (No route matches "/avatars/medium/missing.png" with {:method=>:get}):
  /usr/lib/ruby/1.8/webrick/httpserver.rb:104:in `service'
  /usr/lib/ruby/1.8/webrick/httpserver.rb:65:in `run'
  /usr/lib/ruby/1.8/webrick/server.rb:173:in `start_thread'
  /usr/lib/ruby/1.8/webrick/server.rb:162:in `start'
  /usr/lib/ruby/1.8/webrick/server.rb:162:in `start_thread'
  /usr/lib/ruby/1.8/webrick/server.rb:95:in `start'
  /usr/lib/ruby/1.8/webrick/server.rb:92:in `each'
  /usr/lib/ruby/1.8/webrick/server.rb:92:in `start'
  /usr/lib/ruby/1.8/webrick/server.rb:23:in `start'
  /usr/lib/ruby/1.8/webrick/server.rb:82:in `start'

Rendering rescues/layout (not_found)


Processing ApplicationController#index (for 127.0.0.1 at 2009-08-23 19:43:51) [GET]

ActionController::RoutingError (No route matches "/avatars/thumb/missing.png" with {:method=>:get}):
  /usr/lib/ruby/1.8/webrick/httpserver.rb:104:in `service'
  /usr/lib/ruby/1.8/webrick/httpserver.rb:65:in `run'
  /usr/lib/ruby/1.8/webrick/server.rb:173:in `start_thread'
  /usr/lib/ruby/1.8/webrick/server.rb:162:in `start'
  /usr/lib/ruby/1.8/webrick/server.rb:162:in `start_thread'
  /usr/lib/ruby/1.8/webrick/server.rb:95:in `start'
  /usr/lib/ruby/1.8/webrick/server.rb:92:in `each'
  /usr/lib/ruby/1.8/webrick/server.rb:92:in `start'
  /usr/lib/ruby/1.8/webrick/server.rb:23:in `start'
  /usr/lib/ruby/1.8/webrick/server.rb:82:in `start'

Rendering rescues/layout (not_found)


Processing UsersController#edit (for 127.0.0.1 at 2009-08-23 19:43:52) [GET]
  Parameters: {"id"=>"1"}
  [4;35;1mUser Load (0.8ms)[0m   [0mSELECT * FROM "users" WHERE ("users"."id" = 1) [0m
Rendering template within layouts/users
Rendering users/edit
Completed in 29ms (View: 11, DB: 1) | 200 OK [http://localhost/users/1/edit]


Processing UsersController#update (for 127.0.0.1 at 2009-08-23 19:44:09) [PUT]
  Parameters: {"commit"=>"Update", "authenticity_token"=>"C/bkm2p/RD/jRllzeRrKYB9HNmei6tCPANFN6tGhFu0=", "id"=>"1", "user"=>{"name"=>"fewaaa", "avatar"=>#<File:/tmp/RackMultipart20090823-9854-1d1kdn1-0>}}
  [4;36;1mUser Load (0.5ms)[0m   [0;1mSELECT * FROM "users" WHERE ("users"."id" = 1) [0m
[paperclip] An error was received while processing: #<Paperclip::NotIdentifiedByImageMagickError: /tmp/stream20090823-9854-1rp9sha-0 is not recognized by the 'identify' command.>
[paperclip] An error was received while processing: #<Paperclip::NotIdentifiedByImageMagickError: /tmp/stream20090823-9854-1rp9sha-0 is not recognized by the 'identify' command.>
Rendering template within layouts/users
Rendering users/edit
Completed in 187ms (View: 17, DB: 1) | 200 OK [http://localhost/users/1]
  [4;36;1mSQL (0.7ms)[0m   [0;1m SELECT name
 FROM sqlite_master
 WHERE type = 'table' AND NOT name = 'sqlite_sequence'
[0m
  [4;35;1mSQL (0.3ms)[0m   [0mSELECT version FROM schema_migrations[0m
Migrating to CreateUsers (20090824022703)
Migrating to AddAvatarColumnsToUser (20090824023021)
Migrating to AddPic1ToUser (20090824024513)
  [4;36;1mSQL (0.2ms)[0m   [0;1mselect sqlite_version(*)[0m
  [4;35;1mSQL (0.5ms)[0m   [0mALTER TABLE "users" ADD "pic1_file_name" varchar(255)[0m
  [4;36;1mSQL (0.3ms)[0m   [0;1mALTER TABLE "users" ADD "pic1_content_type" varchar(255)[0m
  [4;35;1mSQL (0.3ms)[0m   [0mALTER TABLE "users" ADD "pic1_file_size" integer[0m
  [4;36;1mSQL (0.3ms)[0m   [0;1mALTER TABLE "users" ADD "pic1_updated_at" datetime[0m
  [4;35;1mSQL (0.2ms)[0m   [0mINSERT INTO schema_migrations (version) VALUES ('20090824024513')[0m
  [4;36;1mSQL (0.5ms)[0m   [0;1m SELECT name
 FROM sqlite_master
 WHERE type = 'table' AND NOT name = 'sqlite_sequence'
[0m
  [4;35;1mSQL (0.4ms)[0m   [0mSELECT version FROM schema_migrations[0m
  [4;36;1mSQL (0.4ms)[0m   [0;1m SELECT name
 FROM sqlite_master
 WHERE type = 'table' AND NOT name = 'sqlite_sequence'
[0m
  [4;35;1mSQL (0.1ms)[0m   [0mPRAGMA index_list("users")[0m


Processing UsersController#index (for 127.0.0.1 at 2009-08-23 19:48:32) [GET]
  [4;35;1mUser Load (1.2ms)[0m   [0mSELECT * FROM "users" [0m
Rendering template within layouts/users
Rendering users/index
Completed in 22ms (View: 11, DB: 1) | 200 OK [http://localhost/users]


Processing UsersController#new (for 127.0.0.1 at 2009-08-23 19:48:33) [GET]
Rendering template within layouts/users
Rendering users/new
Completed in 31ms (View: 12, DB: 0) | 200 OK [http://localhost/users/new]


Processing UsersController#create (for 127.0.0.1 at 2009-08-23 19:48:45) [POST]
  Parameters: {"commit"=>"Create", "authenticity_token"=>"C/bkm2p/RD/jRllzeRrKYB9HNmei6tCPANFN6tGhFu0=", "user"=>{"name"=>"twyuu", "avatar"=>#<File:/tmp/RackMultipart20090823-9854-mfqt7b-0>, "pic1"=>#<File:/tmp/RackMultipart20090823-9854-xvb4p7-0>}}
  [4;36;1mUser Create (0.4ms)[0m   [0;1mINSERT INTO "users" ("name", "created_at", "avatar_file_name", "avatar_file_size", "pic1_content_type", "updated_at", "pic1_file_name", "pic1_file_size", "avatar_content_type", "pic1_updated_at", "avatar_updated_at") VALUES('twyuu', '2009-08-24 02:48:47', 'shinkansen.jpg', 197145, 'image/jpeg', '2009-08-24 02:48:47', 'lan5.jpg', 63598, 'image/jpeg', '2009-08-24 02:48:46', '2009-08-24 02:48:46')[0m
[paperclip] Saving attachments.
[paperclip] saving /home/will/Rails/paperclip/public/system/pic1s/3/thumb/lan5.jpg
[paperclip] saving /home/will/Rails/paperclip/public/system/pic1s/3/original/lan5.jpg
[paperclip] saving /home/will/Rails/paperclip/public/system/avatars/3/medium/shinkansen.jpg
[paperclip] saving /home/will/Rails/paperclip/public/system/avatars/3/thumb/shinkansen.jpg
[paperclip] saving /home/will/Rails/paperclip/public/system/avatars/3/original/shinkansen.jpg
[paperclip] Saving attachments.
Redirected to http://localhost:3000/users/3
Completed in 1104ms (DB: 0) | 302 Found [http://localhost/users]


Processing UsersController#show (for 127.0.0.1 at 2009-08-23 19:48:47) [GET]
  Parameters: {"id"=>"3"}
  [4;35;1mUser Load (0.6ms)[0m   [0mSELECT * FROM "users" WHERE ("users"."id" = 3) [0m
Rendering template within layouts/users
Rendering users/show
Completed in 23ms (View: 10, DB: 1) | 200 OK [http://localhost/users/3]


Processing UsersController#edit (for 127.0.0.1 at 2009-08-23 19:49:03) [GET]
  Parameters: {"id"=>"3"}
  [4;36;1mUser Load (0.7ms)[0m   [0;1mSELECT * FROM "users" WHERE ("users"."id" = 3) [0m
Rendering template within layouts/users
Rendering users/edit
Completed in 119ms (View: 16, DB: 1) | 200 OK [http://localhost/users/3/edit]


Processing UsersController#update (for 127.0.0.1 at 2009-08-23 19:49:12) [PUT]
  Parameters: {"commit"=>"Update", "authenticity_token"=>"C/bkm2p/RD/jRllzeRrKYB9HNmei6tCPANFN6tGhFu0=", "id"=>"3", "user"=>{"name"=>"twyuuaaa", "avatar"=>#<File:/tmp/RackMultipart20090823-9854-623ir8-0>}}
  [4;35;1mUser Load (1.1ms)[0m   [0mSELECT * FROM "users" WHERE ("users"."id" = 3) [0m
  [4;36;1mUser Update (0.4ms)[0m   [0;1mUPDATE "users" SET "updated_at" = '2009-08-24 02:49:12', "avatar_file_size" = 55285, "name" = 'twyuuaaa', "avatar_file_name" = 'land2.jpg', "avatar_updated_at" = '2009-08-24 02:49:12' WHERE "id" = 3[0m
[paperclip] Saving attachments.
[paperclip] deleting /home/will/Rails/paperclip/public/system/avatars/3/original/shinkansen.jpg
[paperclip] deleting /home/will/Rails/paperclip/public/system/avatars/3/medium/shinkansen.jpg
[paperclip] deleting /home/will/Rails/paperclip/public/system/avatars/3/thumb/shinkansen.jpg
[paperclip] saving /home/will/Rails/paperclip/public/system/avatars/3/medium/land2.jpg
[paperclip] saving /home/will/Rails/paperclip/public/system/avatars/3/thumb/land2.jpg
[paperclip] saving /home/will/Rails/paperclip/public/system/avatars/3/original/land2.jpg
[paperclip] Saving attachments.
Redirected to http://localhost:3000/users/3
Completed in 544ms (DB: 2) | 302 Found [http://localhost/users/3]


Processing UsersController#show (for 127.0.0.1 at 2009-08-23 19:49:12) [GET]
  Parameters: {"id"=>"3"}
  [4;35;1mUser Load (0.6ms)[0m   [0mSELECT * FROM "users" WHERE ("users"."id" = 3) [0m
Rendering template within layouts/users
Rendering users/show
Completed in 19ms (View: 6, DB: 1) | 200 OK [http://localhost/users/3]


Processing UsersController#edit (for 127.0.0.1 at 2009-08-23 19:49:14) [GET]
  Parameters: {"id"=>"3"}
  [4;36;1mUser Load (1.1ms)[0m   [0;1mSELECT * FROM "users" WHERE ("users"."id" = 3) [0m
Rendering template within layouts/users
Rendering users/edit
Completed in 40ms (View: 18, DB: 1) | 200 OK [http://localhost/users/3/edit]


Processing UsersController#update (for 127.0.0.1 at 2009-08-23 19:49:28) [PUT]
  Parameters: {"commit"=>"Update", "authenticity_token"=>"C/bkm2p/RD/jRllzeRrKYB9HNmei6tCPANFN6tGhFu0=", "id"=>"3", "user"=>{"name"=>"twyuuaaafff", "avatar"=>#<File:/tmp/RackMultipart20090823-9854-tlea00-0>, "pic1"=>#<File:/tmp/RackMultipart20090823-9854-fk04r9-0>}}
  [4;35;1mUser Load (0.6ms)[0m   [0mSELECT * FROM "users" WHERE ("users"."id" = 3) [0m
[paperclip] An error was received while processing: #<Paperclip::NotIdentifiedByImageMagickError: /tmp/stream20090823-9854-x1y0u2-0 is not recognized by the 'identify' command.>
[paperclip] An error was received while processing: #<Paperclip::NotIdentifiedByImageMagickError: /tmp/stream20090823-9854-x1y0u2-0 is not recognized by the 'identify' command.>
Rendering template within layouts/users
Rendering users/edit
Completed in 2175ms (View: 10, DB: 1) | 200 OK [http://localhost/users/3]


Processing UsersController#index (for 10.65.24.3 at 2009-08-23 20:09:02) [GET]
  [4;36;1mUser Load (2.6ms)[0m   [0;1mSELECT * FROM "users" [0m
Rendering template within layouts/users
Rendering users/index
Completed in 60ms (View: 48, DB: 3) | 200 OK [http://10.65.24.250/users]


Processing UsersController#show (for 10.65.24.3 at 2009-08-23 20:09:05) [GET]
  Parameters: {"id"=>"1"}
  [4;35;1mUser Load (0.7ms)[0m   [0mSELECT * FROM "users" WHERE ("users"."id" = 1) [0m
Rendering template within layouts/users
Rendering users/show
Completed in 22ms (View: 10, DB: 1) | 200 OK [http://10.65.24.250/users/1]


Processing ApplicationController#index (for 10.65.24.3 at 2009-08-23 20:09:05) [GET]

ActionController::RoutingError (No route matches "/avatars/thumb/missing.png" with {:method=>:get}):
  

Rendering rescues/layout (not_found)


Processing ApplicationController#index (for 10.65.24.3 at 2009-08-23 20:09:05) [GET]

ActionController::RoutingError (No route matches "/pic1s/thumb/missing.png" with {:method=>:get}):
  

Rendering rescues/layout (not_found)


Processing UsersController#edit (for 10.65.24.3 at 2009-08-23 20:09:06) [GET]
  Parameters: {"id"=>"1"}
  [4;36;1mUser Load (0.5ms)[0m   [0;1mSELECT * FROM "users" WHERE ("users"."id" = 1) [0m
Rendering template within layouts/users
Rendering users/edit
Completed in 22ms (View: 12, DB: 1) | 200 OK [http://10.65.24.250/users/1/edit]


Processing UsersController#show (for 10.65.24.3 at 2009-08-23 20:09:09) [GET]
  Parameters: {"id"=>"2"}
  [4;35;1mUser Load (0.5ms)[0m   [0mSELECT * FROM "users" WHERE ("users"."id" = 2) [0m
Rendering template within layouts/users
Rendering users/show
Completed in 165ms (View: 154, DB: 1) | 200 OK [http://10.65.24.250/users/2]


Processing ApplicationController#index (for 10.65.24.3 at 2009-08-23 20:09:10) [GET]
  Parameters: {"1251081825"=>nil}

ActionController::RoutingError (No route matches "/system/avatars/2/thumb/lan5.jpg" with {:method=>:get}):
  

Rendering rescues/layout (not_found)


Processing ApplicationController#index (for 10.65.24.3 at 2009-08-23 20:09:10) [GET]

ActionController::RoutingError (No route matches "/pic1s/thumb/missing.png" with {:method=>:get}):
  

Rendering rescues/layout (not_found)


Processing UsersController#show (for 10.65.24.3 at 2009-08-23 20:09:11) [GET]
  Parameters: {"id"=>"3"}
  [4;36;1mUser Load (0.6ms)[0m   [0;1mSELECT * FROM "users" WHERE ("users"."id" = 3) [0m
Rendering template within layouts/users
Rendering users/show
Completed in 19ms (View: 7, DB: 1) | 200 OK [http://10.65.24.250/users/3]


Processing ApplicationController#index (for 10.65.24.3 at 2009-08-23 20:09:11) [GET]
  Parameters: {"1251082152"=>nil}

ActionController::RoutingError (No route matches "/system/avatars/3/thumb/land2.jpg" with {:method=>:get}):
  

Rendering rescues/layout (not_found)


Processing ApplicationController#index (for 10.65.24.3 at 2009-08-23 20:09:11) [GET]
  Parameters: {"1251082126"=>nil}

ActionController::RoutingError (No route matches "/system/pic1s/3/thumb/lan5.jpg" with {:method=>:get}):
  

Rendering rescues/layout (not_found)


Processing UsersController#destroy (for 10.65.24.3 at 2009-08-23 20:09:16) [DELETE]
  Parameters: {"authenticity_token"=>"75XA+7owg5l2jMyvTIgvC88KhxYqGUhjAiCzT3OOCEI=", "id"=>"1"}
  [4;35;1mUser Load (0.6ms)[0m   [0mSELECT * FROM "users" WHERE ("users"."id" = 1) [0m
[paperclip] Deleting attachments.
[paperclip] Deleting attachments.
  [4;36;1mUser Destroy (0.7ms)[0m   [0;1mDELETE FROM "users" WHERE "id" = 1[0m
Redirected to http://10.65.24.250/users
Completed in 36ms (DB: 1) | 302 Found [http://10.65.24.250/users/1]


Processing UsersController#index (for 10.65.24.3 at 2009-08-23 20:09:16) [GET]
  [4;35;1mUser Load (1.1ms)[0m   [0mSELECT * FROM "users" [0m
Rendering template within layouts/users
Rendering users/index
Completed in 18ms (View: 9, DB: 1) | 200 OK [http://10.65.24.250/users]


Processing UsersController#destroy (for 10.65.24.3 at 2009-08-23 20:09:17) [DELETE]
  Parameters: {"authenticity_token"=>"75XA+7owg5l2jMyvTIgvC88KhxYqGUhjAiCzT3OOCEI=", "id"=>"2"}
  [4;36;1mUser Load (0.5ms)[0m   [0;1mSELECT * FROM "users" WHERE ("users"."id" = 2) [0m
[paperclip] Deleting attachments.
[paperclip] Deleting attachments.
  [4;35;1mUser Destroy (0.4ms)[0m   [0mDELETE FROM "users" WHERE "id" = 2[0m
Redirected to http://10.65.24.250/users
Completed in 23ms (DB: 1) | 302 Found [http://10.65.24.250/users/2]


Processing UsersController#index (for 10.65.24.3 at 2009-08-23 20:09:17) [GET]
  [4;36;1mUser Load (1.0ms)[0m   [0;1mSELECT * FROM "users" [0m
Rendering template within layouts/users
Rendering users/index
Completed in 78ms (View: 8, DB: 1) | 200 OK [http://10.65.24.250/users]


Processing UsersController#destroy (for 10.65.24.3 at 2009-08-23 20:09:19) [DELETE]
  Parameters: {"authenticity_token"=>"75XA+7owg5l2jMyvTIgvC88KhxYqGUhjAiCzT3OOCEI=", "id"=>"3"}
  [4;35;1mUser Load (0.6ms)[0m   [0mSELECT * FROM "users" WHERE ("users"."id" = 3) [0m
[paperclip] Deleting attachments.
[paperclip] Deleting attachments.
  [4;36;1mUser Destroy (0.5ms)[0m   [0;1mDELETE FROM "users" WHERE "id" = 3[0m
Redirected to http://10.65.24.250/users
Completed in 26ms (DB: 1) | 302 Found [http://10.65.24.250/users/3]


Processing UsersController#index (for 10.65.24.3 at 2009-08-23 20:09:19) [GET]
  [4;35;1mUser Load (0.7ms)[0m   [0mSELECT * FROM "users" [0m
Rendering template within layouts/users
Rendering users/index
Completed in 11ms (View: 2, DB: 1) | 200 OK [http://10.65.24.250/users]


Processing UsersController#new (for 10.65.24.3 at 2009-08-23 20:09:20) [GET]
Rendering template within layouts/users
Rendering users/new
Completed in 20ms (View: 10, DB: 0) | 200 OK [http://10.65.24.250/users/new]


Processing UsersController#create (for 10.65.24.3 at 2009-08-23 20:09:54) [POST]
  Parameters: {"commit"=>"Create", "authenticity_token"=>"75XA+7owg5l2jMyvTIgvC88KhxYqGUhjAiCzT3OOCEI=", "user"=>{"name"=>"Farmland", "avatar"=>#<File:/tmp/RackMultipart20090823-14968-8knper-0>, "pic1"=>#<File:/tmp/RackMultipart20090823-14968-1a6xoqe-0>}}
  [4;36;1mUser Create (0.7ms)[0m   [0;1mINSERT INTO "users" ("name", "created_at", "avatar_file_name", "avatar_file_size", "pic1_content_type", "updated_at", "pic1_file_name", "pic1_file_size", "avatar_content_type", "pic1_updated_at", "avatar_updated_at") VALUES('Farmland', '2009-08-24 03:09:55', 'land1.jpg', 74516, 'image/jpeg', '2009-08-24 03:09:55', 'land2.jpg', 55285, 'image/jpeg', '2009-08-24 03:09:55', '2009-08-24 03:09:54')[0m
[paperclip] Saving attachments.
[paperclip] saving /root/rails/Paperclip-Example/public/system/avatars/4/medium/land1.jpg
[paperclip] saving /root/rails/Paperclip-Example/public/system/avatars/4/thumb/land1.jpg
[paperclip] saving /root/rails/Paperclip-Example/public/system/avatars/4/original/land1.jpg
[paperclip] saving /root/rails/Paperclip-Example/public/system/pic1s/4/thumb/land2.jpg
[paperclip] saving /root/rails/Paperclip-Example/public/system/pic1s/4/original/land2.jpg
[paperclip] Saving attachments.
Redirected to http://10.65.24.250/users/4
Completed in 698ms (DB: 1) | 302 Found [http://10.65.24.250/users]


Processing UsersController#show (for 10.65.24.3 at 2009-08-23 20:09:55) [GET]
  Parameters: {"id"=>"4"}
  [4;35;1mUser Load (0.6ms)[0m   [0mSELECT * FROM "users" WHERE ("users"."id" = 4) [0m
Rendering template within layouts/users
Rendering users/show
Completed in 18ms (View: 7, DB: 1) | 200 OK [http://10.65.24.250/users/4]


Processing UsersController#index (for 10.65.24.3 at 2009-08-23 20:10:02) [GET]
  [4;36;1mUser Load (1.1ms)[0m   [0;1mSELECT * FROM "users" [0m
Rendering template within layouts/users
Rendering users/index
Completed in 85ms (View: 8, DB: 1) | 200 OK [http://10.65.24.250/users]
